0 info it worked if it ends with ok
1 verbose cli [ '/usr/bin/node', '/usr/bin/npm', 'run', 'buildjs' ]
2 info using npm@3.10.10
3 info using node@v6.12.3
4 verbose run-script [ 'prebuildjs', 'buildjs', 'postbuildjs' ]
5 info lifecycle scrummable-2016-theme@1.1.0~prebuildjs: scrummable-2016-theme@1.1.0
6 silly lifecycle scrummable-2016-theme@1.1.0~prebuildjs: no script for prebuildjs, continuing
7 info lifecycle scrummable-2016-theme@1.1.0~buildjs: scrummable-2016-theme@1.1.0
8 verbose lifecycle scrummable-2016-theme@1.1.0~buildjs: unsafe-perm in lifecycle true
9 verbose lifecycle scrummable-2016-theme@1.1.0~buildjs: PATH: /usr/lib/node_modules/npm/bin/node-gyp-bin:/mnt/c/wamp64/www/scrummable.local/wp-content/themes/scrummable-2016-theme/node_modules/.bin:/home/thomasxbanks/bin:/home/thomasxbanks/.local/bin:/usr/local/sbin:/usr/local/bin:/usr/sbin:/usr/bin:/sbin:/bin:/usr/games:/usr/local/games:/mnt/c/Program Files/ConEmu:/mnt/c/Program Files/ConEmu/ConEmu:/mnt/c/Program Files (x86)/Intel/iCLS Client:/mnt/c/Program Files/Intel/iCLS Client:/mnt/c/Windows/System32:/mnt/c/Windows:/mnt/c/Windows/System32/wbem:/mnt/c/Windows/System32/WindowsPowerShell/v1.0:/mnt/c/Program Files (x86)/Intel/Intel(R) Management Engine Components/DAL:/mnt/c/Program Files/Intel/Intel(R) Management Engine Components/DAL:/mnt/c/Program Files (x86)/Intel/Intel(R) Management Engine Components/IPT:/mnt/c/Program Files/Intel/Intel(R) Management Engine Components/IPT:/mnt/c/Program Files/Git/cmd:/mnt/c/Program Files/PuTTY:/mnt/c/Users/thom/AppData/Local/Microsoft/WindowsApps:/mnt/c/Program Files/Microsoft VS Code/bin:/snap/bin
10 verbose lifecycle scrummable-2016-theme@1.1.0~buildjs: CWD: /mnt/c/wamp64/www/scrummable.local/wp-content/themes/scrummable-2016-theme
11 silly lifecycle scrummable-2016-theme@1.1.0~buildjs: Args: [ '-c',
11 silly lifecycle   'eslint ./js/main.js && babel ./js --out-file ./app.js --compact=true --presets=es2015 --no-comments' ]
12 silly lifecycle scrummable-2016-theme@1.1.0~buildjs: Returned: code: 1  signal: null
13 info lifecycle scrummable-2016-theme@1.1.0~buildjs: Failed to exec buildjs script
14 verbose stack Error: scrummable-2016-theme@1.1.0 buildjs: `eslint ./js/main.js && babel ./js --out-file ./app.js --compact=true --presets=es2015 --no-comments`
14 verbose stack Exit status 1
14 verbose stack     at EventEmitter.<anonymous> (/usr/lib/node_modules/npm/lib/utils/lifecycle.js:255:16)
14 verbose stack     at emitTwo (events.js:106:13)
14 verbose stack     at EventEmitter.emit (events.js:191:7)
14 verbose stack     at ChildProcess.<anonymous> (/usr/lib/node_modules/npm/lib/utils/spawn.js:40:14)
14 verbose stack     at emitTwo (events.js:106:13)
14 verbose stack     at ChildProcess.emit (events.js:191:7)
14 verbose stack     at maybeClose (internal/child_process.js:920:16)
14 verbose stack     at Process.ChildProcess._handle.onexit (internal/child_process.js:230:5)
15 verbose pkgid scrummable-2016-theme@1.1.0
16 verbose cwd /mnt/c/wamp64/www/scrummable.local/wp-content/themes/scrummable-2016-theme
17 error Linux 4.4.0-43-Microsoft
18 error argv "/usr/bin/node" "/usr/bin/npm" "run" "buildjs"
19 error node v6.12.3
20 error npm  v3.10.10
21 error code ELIFECYCLE
22 error scrummable-2016-theme@1.1.0 buildjs: `eslint ./js/main.js && babel ./js --out-file ./app.js --compact=true --presets=es2015 --no-comments`
22 error Exit status 1
23 error Failed at the scrummable-2016-theme@1.1.0 buildjs script 'eslint ./js/main.js && babel ./js --out-file ./app.js --compact=true --presets=es2015 --no-comments'.
23 error Make sure you have the latest version of node.js and npm installed.
23 error If you do, this is most likely a problem with the scrummable-2016-theme package,
23 error not with npm itself.
23 error Tell the author that this fails on your system:
23 error     eslint ./js/main.js && babel ./js --out-file ./app.js --compact=true --presets=es2015 --no-comments
23 error You can get information on how to open an issue for this project with:
23 error     npm bugs scrummable-2016-theme
23 error Or if that isn't available, you can get their info via:
23 error     npm owner ls scrummable-2016-theme
23 error There is likely additional logging output above.
24 verbose exit [ 1, true ]
